<?xml version="1.0" encoding="utf-8"?><testsuite errors="0" failures="0" name="pytest" skips="0" tests="8" time="0.041"><testcase classname="test_submit.EmailValidTests" file="test_submit.py" line="94" name="test_eight" time="0.000972747802734375"></testcase><testcase classname="test_submit.EmailValidTests" file="test_submit.py" line="57" name="test_five" time="0.000560760498046875"></testcase><testcase classname="test_submit.EmailValidTests" file="test_submit.py" line="44" name="test_four" time="0.0005822181701660156"></testcase><testcase classname="test_submit.EmailValidTests" file="test_submit.py" line="5" name="test_one" time="0.0011432170867919922"></testcase><testcase classname="test_submit.EmailValidTests" file="test_submit.py" line="81" name="test_seven" time="0.0005786418914794922"></testcase><testcase classname="test_submit.EmailValidTests" file="test_submit.py" line="69" name="test_six" time="0.0005676746368408203"></testcase><testcase classname="test_submit.EmailValidTests" file="test_submit.py" line="28" name="test_three" time="0.0005817413330078125"></testcase><testcase classname="test_submit.EmailValidTests" file="test_submit.py" line="19" name="test_two" time="0.0005617141723632812"></testcase></testsuite>